* EvoSuite 1.1.0
* Configuration: crossover_120
* Going to generate test cases for class: org.apache.commons.geometry.spherical.twod.Point2S
* Starting Client-0
* Connecting to master process on port 10938
* Analyzing classpath: 
  - projects/Geometry/commons-geometry-core-1.0-beta1.jar
  - projects/Geometry/commons-geometry-enclosing-1.0-beta1.jar
  - projects/Geometry/commons-geometry-spherical-1.0-beta1.jar
  - projects/Geometry/commons-geometry-hull-1.0-beta1.jar
  - projects/Geometry/commons-geometry-euclidean-1.0-beta1.jar
* Error while initializing target class: org/apache/commons/numbers/angle/PlaneAngleRadians
[MASTER] 15:22:20.823 [logback-2] ERROR TestSuiteGenerator - Problem for org.apache.commons.geometry.spherical.twod.Point2S. Full stack:
java.lang.NoClassDefFoundError: org/apache/commons/numbers/angle/PlaneAngleRadians
	at org.apache.commons.geometry.euclidean.twod.PolarCoordinates.normalizeAzimuth(PolarCoordinates.java:233)
	at org.apache.commons.geometry.euclidean.threed.SphericalCoordinates.normalizeAzimuth(SphericalCoordinates.java:277)
	at org.apache.commons.geometry.spherical.twod.Point2S.<init>(Point2S.java:93)
	at org.apache.commons.geometry.spherical.twod.Point2S.<clinit>(Point2S.java)
	at java.lang.Class.forName0(Native Method)
	at java.lang.Class.forName(Class.java:348)
	at sun.reflect.NativeMethodAccessorImpl.invoke0(Native Method)
	at sun.reflect.NativeMethodAccessorImpl.invoke(NativeMethodAccessorImpl.java:62)
	at sun.reflect.DelegatingMethodAccessorImpl.invoke(DelegatingMethodAccessorImpl.java:43)
	at java.lang.reflect.Method.invoke(Method.java:498)
	at org.evosuite.testcase.statements.MethodStatement$1.execute(MethodStatement.java:261)
	at org.evosuite.testcase.statements.AbstractStatement.exceptionHandler(AbstractStatement.java:172)
	at org.evosuite.testcase.statements.MethodStatement.execute(MethodStatement.java:224)
	at org.evosuite.testcase.execution.TestRunnable.executeStatements(TestRunnable.java:295)
	at org.evosuite.testcase.execution.TestRunnable.call(TestRunnable.java:201)
	at org.evosuite.testcase.execution.TestRunnable.call(TestRunnable.java:54)
	at java.util.concurrent.FutureTask.run(FutureTask.java:266)
	at java.util.concurrent.ThreadPoolExecutor.runWorker(ThreadPoolExecutor.java:1149)
	at java.util.concurrent.ThreadPoolExecutor$Worker.run(ThreadPoolExecutor.java:624)
	at java.lang.Thread.run(Thread.java:748)
Caused by: java.lang.ClassNotFoundException: Class 'org/apache/commons/numbers/angle/PlaneAngleRadians.class' should be in target project, but could not be found!
	at org.evosuite.instrumentation.InstrumentingClassLoader.instrumentClass(InstrumentingClassLoader.java:164)
	at org.evosuite.instrumentation.InstrumentingClassLoader.loadClass(InstrumentingClassLoader.java:132)
	... 20 common frames omitted
Caused by: java.lang.ClassNotFoundException: Class 'org/apache/commons/numbers/angle/PlaneAngleRadians.class' should be in target project, but could not be found!
	at org.evosuite.instrumentation.InstrumentingClassLoader.instrumentClass(InstrumentingClassLoader.java:151)
	... 21 common frames omitted
* Computation finished
[MASTER] 15:22:21.057 [main] ERROR SearchStatistics - No statistics has been saved because EvoSuite failed to generate any test case
[MASTER] 15:22:21.159 [main] ERROR TestGeneration - failed to write statistics data
