* EvoSuite 1.1.0
* Configuration: default_120
* Going to generate test cases for class: org.apache.commons.lang3.text.WordUtils
* Starting Client-0
* Connecting to master process on port 17636
* Analyzing classpath: 
  - projects/Lang/commons-lang3-3.12.0.jar
* Finished analyzing classpath
* Generating tests for class org.apache.commons.lang3.text.WordUtils
* Test criteria:
  - Line Coverage
  - Branch Coverage
  - Exception
  - Mutation testing (weak)
  - Method-Output Coverage
  - Top-Level Method Coverage
  - No-Exception Top-Level Method Coverage
  - Context Branch Coverage
[MASTER] 15:23:57.450 [logback-2] ERROR AbstractMOSA - I am OFF
* Total number of test goals for DYNAMOSA: 799
* Using seed 3077500088
* Starting evolution
* Initial Number of Goals in DynaMOSA = 112 / 799
[MASTER] 15:25:27.960 [logback-2] ERROR TestCaseExecutor - ExecutionException (this is likely a serious error in the framework)
java.util.concurrent.ExecutionException: java.util.NoSuchElementException
	at java.util.concurrent.FutureTask.report(FutureTask.java:122)
	at java.util.concurrent.FutureTask.get(FutureTask.java:206)
	at org.evosuite.testcase.execution.TimeoutHandler.executeWithTimeout(TimeoutHandler.java:107)
	at org.evosuite.testcase.execution.TimeoutHandler.execute(TimeoutHandler.java:96)
	at org.evosuite.testcase.execution.TestCaseExecutor.execute(TestCaseExecutor.java:332)
	at org.evosuite.testcase.execution.TestCaseExecutor.execute(TestCaseExecutor.java:275)
	at org.evosuite.testcase.execution.TestCaseExecutor.execute(TestCaseExecutor.java:262)
	at org.evosuite.testcase.execution.TestCaseExecutor.runTest(TestCaseExecutor.java:138)
	at org.evosuite.ga.metaheuristics.mosa.structural.MultiCriteriaManager.calculateFitness(MultiCriteriaManager.java:386)
	at org.evosuite.ga.metaheuristics.mosa.DynaMOSA.calculateFitness(DynaMOSA.java:184)
	at org.evosuite.ga.metaheuristics.mosa.AbstractMOSA.breedNextGeneration(AbstractMOSA.java:187)
	at org.evosuite.ga.metaheuristics.mosa.DynaMOSA.evolve(DynaMOSA.java:66)
	at org.evosuite.ga.metaheuristics.mosa.DynaMOSA.generateSolution(DynaMOSA.java:167)
	at org.evosuite.ga.metaheuristics.TestSuiteAdapter.generateSolution(TestSuiteAdapter.java:114)
	at org.evosuite.strategy.MOSuiteStrategy.generateTests(MOSuiteStrategy.java:123)
	at org.evosuite.TestSuiteGenerator.generateTests(TestSuiteGenerator.java:630)
	at org.evosuite.TestSuiteGenerator.generateTestSuite(TestSuiteGenerator.java:205)
	at org.evosuite.rmi.service.ClientNodeImpl.lambda$startNewSearch$0(ClientNodeImpl.java:150)
	at java.util.concurrent.Executors$RunnableAdapter.call(Executors.java:511)
	at java.util.concurrent.FutureTask.run(FutureTask.java:266)
	at java.util.concurrent.ThreadPoolExecutor.runWorker(ThreadPoolExecutor.java:1149)
	at java.util.concurrent.ThreadPoolExecutor$Worker.run(ThreadPoolExecutor.java:624)
	at java.lang.Thread.run(Thread.java:748)
Caused by: java.util.NoSuchElementException: null
	at java.util.LinkedList.removeFirst(LinkedList.java:270)
	at java.util.LinkedList.pop(LinkedList.java:801)
	at org.evosuite.testcase.execution.ExecutionTraceImpl.finishCalls(ExecutionTraceImpl.java:833)
	at org.evosuite.testcase.execution.ExecutionTraceProxy.finishCalls(ExecutionTraceProxy.java:152)
	at org.evosuite.testcase.execution.ExecutionTracer.getTrace(ExecutionTracer.java:233)
	at org.evosuite.testcase.execution.TestRunnable.call(TestRunnable.java:250)
	at org.evosuite.testcase.execution.TestRunnable.call(TestRunnable.java:54)
	... 4 common frames omitted
[MASTER] 15:25:27.960 [logback-2] ERROR TestCaseExecutor - TG: Exception caught: 
java.util.NoSuchElementException: null
	at java.util.LinkedList.removeFirst(LinkedList.java:270)
	at java.util.LinkedList.pop(LinkedList.java:801)
	at org.evosuite.testcase.execution.ExecutionTraceImpl.finishCalls(ExecutionTraceImpl.java:833)
	at org.evosuite.testcase.execution.ExecutionTraceProxy.finishCalls(ExecutionTraceProxy.java:152)
	at org.evosuite.testcase.execution.ExecutionTracer.getTrace(ExecutionTracer.java:233)
	at org.evosuite.testcase.execution.TestCaseExecutor.execute(TestCaseExecutor.java:382)
	at org.evosuite.testcase.execution.TestCaseExecutor.execute(TestCaseExecutor.java:275)
	at org.evosuite.testcase.execution.TestCaseExecutor.execute(TestCaseExecutor.java:262)
	at org.evosuite.testcase.execution.TestCaseExecutor.runTest(TestCaseExecutor.java:138)
	at org.evosuite.ga.metaheuristics.mosa.structural.MultiCriteriaManager.calculateFitness(MultiCriteriaManager.java:386)
	at org.evosuite.ga.metaheuristics.mosa.DynaMOSA.calculateFitness(DynaMOSA.java:184)
	at org.evosuite.ga.metaheuristics.mosa.AbstractMOSA.breedNextGeneration(AbstractMOSA.java:187)
	at org.evosuite.ga.metaheuristics.mosa.DynaMOSA.evolve(DynaMOSA.java:66)
	at org.evosuite.ga.metaheuristics.mosa.DynaMOSA.generateSolution(DynaMOSA.java:167)
	at org.evosuite.ga.metaheuristics.TestSuiteAdapter.generateSolution(TestSuiteAdapter.java:114)
	at org.evosuite.strategy.MOSuiteStrategy.generateTests(MOSuiteStrategy.java:123)
	at org.evosuite.TestSuiteGenerator.generateTests(TestSuiteGenerator.java:630)
	at org.evosuite.TestSuiteGenerator.generateTestSuite(TestSuiteGenerator.java:205)
	at org.evosuite.rmi.service.ClientNodeImpl.lambda$startNewSearch$0(ClientNodeImpl.java:150)
	at java.util.concurrent.Executors$RunnableAdapter.call(Executors.java:511)
	at java.util.concurrent.FutureTask.run(FutureTask.java:266)
	at java.util.concurrent.ThreadPoolExecutor.runWorker(ThreadPoolExecutor.java:1149)
	at java.util.concurrent.ThreadPoolExecutor$Worker.run(ThreadPoolExecutor.java:624)
	at java.lang.Thread.run(Thread.java:748)
[MASTER] 15:25:27.960 [logback-2] ERROR ClientNodeImpl - Error when generating tests for: org.apache.commons.lang3.text.WordUtils with seed 3077500088. Configuration id : default_120
java.lang.Error: java.util.NoSuchElementException
	at org.evosuite.testcase.execution.TestCaseExecutor.runTest(TestCaseExecutor.java:144)
	at org.evosuite.ga.metaheuristics.mosa.structural.MultiCriteriaManager.calculateFitness(MultiCriteriaManager.java:386)
	at org.evosuite.ga.metaheuristics.mosa.DynaMOSA.calculateFitness(DynaMOSA.java:184)
	at org.evosuite.ga.metaheuristics.mosa.AbstractMOSA.breedNextGeneration(AbstractMOSA.java:187)
	at org.evosuite.ga.metaheuristics.mosa.DynaMOSA.evolve(DynaMOSA.java:66)
	at org.evosuite.ga.metaheuristics.mosa.DynaMOSA.generateSolution(DynaMOSA.java:167)
	at org.evosuite.ga.metaheuristics.TestSuiteAdapter.generateSolution(TestSuiteAdapter.java:114)
	at org.evosuite.strategy.MOSuiteStrategy.generateTests(MOSuiteStrategy.java:123)
	at org.evosuite.TestSuiteGenerator.generateTests(TestSuiteGenerator.java:630)
	at org.evosuite.TestSuiteGenerator.generateTestSuite(TestSuiteGenerator.java:205)
	at org.evosuite.rmi.service.ClientNodeImpl.lambda$startNewSearch$0(ClientNodeImpl.java:150)
	at java.util.concurrent.Executors$RunnableAdapter.call(Executors.java:511)
	at java.util.concurrent.FutureTask.run(FutureTask.java:266)
	at java.util.concurrent.ThreadPoolExecutor.runWorker(ThreadPoolExecutor.java:1149)
	at java.util.concurrent.ThreadPoolExecutor$Worker.run(ThreadPoolExecutor.java:624)
	at java.lang.Thread.run(Thread.java:748)
Caused by: java.util.NoSuchElementException: null
	at java.util.LinkedList.removeFirst(LinkedList.java:270)
	at java.util.LinkedList.pop(LinkedList.java:801)
	at org.evosuite.testcase.execution.ExecutionTraceImpl.finishCalls(ExecutionTraceImpl.java:833)
	at org.evosuite.testcase.execution.ExecutionTraceProxy.finishCalls(ExecutionTraceProxy.java:152)
	at org.evosuite.testcase.execution.ExecutionTracer.getTrace(ExecutionTracer.java:233)
	at org.evosuite.testcase.execution.TestCaseExecutor.execute(TestCaseExecutor.java:382)
	at org.evosuite.testcase.execution.TestCaseExecutor.execute(TestCaseExecutor.java:275)
	at org.evosuite.testcase.execution.TestCaseExecutor.execute(TestCaseExecutor.java:262)
	at org.evosuite.testcase.execution.TestCaseExecutor.runTest(TestCaseExecutor.java:138)
	... 15 common frames omitted
* Computation finished
[MASTER] 15:25:28.103 [main] ERROR SearchStatistics - No obtained value for output variable: Total_Goals
[MASTER] 15:25:30.106 [main] ERROR SearchStatistics - No obtained value for output variable: Total_Goals
[MASTER] 15:25:31.107 [main] ERROR SearchStatistics - No obtained value for output variable: Total_Goals
[MASTER] 15:25:32.108 [main] ERROR SearchStatistics - No obtained value for output variable: Total_Goals
[MASTER] 15:25:33.108 [main] ERROR SearchStatistics - No obtained value for output variable: Total_Goals
[MASTER] 15:25:34.109 [main] ERROR SearchStatistics - No obtained value for output variable: Total_Goals
[MASTER] 15:25:34.110 [main] ERROR SearchStatistics - Not going to write down statistics data, as some are missing
[MASTER] 15:25:34.211 [main] ERROR TestGeneration - failed to write statistics data
