* EvoSuite 1.1.0
* Configuration: crossover_120
* Going to generate test cases for class: org.apache.commons.lang3.ObjectUtils
* Starting Client-0
* Connecting to master process on port 7088
* Analyzing classpath: 
  - projects/Lang/commons-lang3-3.12.0.jar
* Finished analyzing classpath
* Generating tests for class org.apache.commons.lang3.ObjectUtils
* Test criteria:
  - Line Coverage
  - Branch Coverage
  - Exception
  - Mutation testing (weak)
  - Method-Output Coverage
  - Top-Level Method Coverage
  - No-Exception Top-Level Method Coverage
  - Context Branch Coverage
* Total number of test goals for DYNAMOSA: 1126
* Using seed 632278328
* Starting evolution
* Initial Number of Goals in DynaMOSA = 455 / 1126
[MASTER] 15:26:11.647 [logback-3] ERROR TestCluster - Failed to check cache for java.util.LinkedList<E> : Type points to itself
[MASTER] 15:26:11.647 [logback-3] ERROR TestCluster - Failed to check cache for java.util.AbstractMap<K, V>.SimpleEntry<K, V> : Type points to itself
[MASTER] 15:26:11.647 [logback-3] ERROR TestCluster - Failed to check cache for java.util.AbstractMap<K, V>.SimpleImmutableEntry<K, V> : Type points to itself
[MASTER] 15:26:11.650 [logback-3] ERROR TestCluster - Failed to check cache for java.util.ArrayDeque<E> : Type points to itself
[MASTER] 15:26:11.651 [logback-3] ERROR TestCluster - Failed to check cache for java.util.ArrayList<E> : Type points to itself
[MASTER] 15:26:11.652 [logback-3] ERROR TestCluster - Failed to check cache for java.util.EnumMap<K, V> : Type points to itself
[MASTER] 15:26:11.652 [logback-3] ERROR TestCluster - Failed to check cache for java.util.EnumSet<E> : Type points to itself
[MASTER] 15:26:11.652 [logback-3] ERROR TestCluster - Failed to check cache for java.util.HashMap<K, V> : Type points to itself
[MASTER] 15:26:11.653 [logback-3] ERROR TestCluster - Failed to check cache for java.util.HashSet<E> : Type points to itself
[MASTER] 15:26:11.653 [logback-3] ERROR TestCluster - Failed to check cache for java.util.Hashtable<K, V> : Type points to itself
[MASTER] 15:26:11.653 [logback-3] ERROR TestCluster - Failed to check cache for java.util.IdentityHashMap<K, V> : Type points to itself
[MASTER] 15:26:11.653 [logback-3] ERROR TestCluster - Failed to check cache for java.util.LinkedHashMap<K, V> : Type points to itself
[MASTER] 15:26:11.653 [logback-3] ERROR TestCluster - Failed to check cache for java.util.LinkedHashSet<E> : Type points to itself
[MASTER] 15:26:11.654 [logback-3] ERROR TestCluster - Failed to check cache for java.util.Stack<E> : Type points to itself
[MASTER] 15:26:11.654 [logback-3] ERROR TestCluster - Failed to check cache for java.util.TreeMap<K, V> : Type points to itself
[MASTER] 15:26:11.654 [logback-3] ERROR TestCluster - Failed to check cache for java.util.TreeSet<E> : Type points to itself
[MASTER] 15:26:11.656 [logback-3] ERROR TestCluster - Failed to check cache for java.util.Vector<E> : Type points to itself
[MASTER] 15:26:12.110 [logback-3] ERROR TestCluster - Failed to check cache for java.lang.Comparable<T> : Type points to itself
[MASTER] 15:26:19.998 [logback-3] ERROR TestCluster - Failed to check cache for java.util.function.Function<T, R> : Type points to itself
[MASTER] 15:27:30.779 [logback-3] ERROR TestCaseExecutor - TG: Exception caught: 
java.lang.IllegalStateException: Trying to set up the sandbox while executing a test case
	at org.evosuite.runtime.sandbox.MSecurityManager.goingToExecuteTestCase(MSecurityManager.java:347)
	at org.evosuite.runtime.sandbox.Sandbox.goingToExecuteSUTCode(Sandbox.java:130)
	at org.evosuite.testcase.execution.TestCaseExecutor.execute(TestCaseExecutor.java:329)
	at org.evosuite.testcase.execution.TestCaseExecutor.execute(TestCaseExecutor.java:275)
	at org.evosuite.testcase.execution.TestCaseExecutor.execute(TestCaseExecutor.java:262)
	at org.evosuite.testcase.execution.TestCaseExecutor.runTest(TestCaseExecutor.java:138)
	at org.evosuite.ga.metaheuristics.mosa.structural.MultiCriteriaManager.calculateFitness(MultiCriteriaManager.java:386)
	at org.evosuite.ga.metaheuristics.mosa.DynaMOSA.calculateFitness(DynaMOSA.java:184)
	at org.evosuite.ga.metaheuristics.mosa.AbstractMOSA.breedNextGeneration(AbstractMOSA.java:178)
	at org.evosuite.ga.metaheuristics.mosa.DynaMOSA.evolve(DynaMOSA.java:66)
	at org.evosuite.ga.metaheuristics.mosa.DynaMOSA.generateSolution(DynaMOSA.java:167)
	at org.evosuite.ga.metaheuristics.TestSuiteAdapter.generateSolution(TestSuiteAdapter.java:114)
	at org.evosuite.strategy.MOSuiteStrategy.generateTests(MOSuiteStrategy.java:123)
	at org.evosuite.TestSuiteGenerator.generateTests(TestSuiteGenerator.java:630)
	at org.evosuite.TestSuiteGenerator.generateTestSuite(TestSuiteGenerator.java:205)
	at org.evosuite.rmi.service.ClientNodeImpl.lambda$startNewSearch$0(ClientNodeImpl.java:150)
	at java.util.concurrent.Executors$RunnableAdapter.call(Executors.java:511)
	at java.util.concurrent.FutureTask.run(FutureTask.java:266)
	at java.util.concurrent.ThreadPoolExecutor.runWorker(ThreadPoolExecutor.java:1149)
	at java.util.concurrent.ThreadPoolExecutor$Worker.run(ThreadPoolExecutor.java:624)
	at java.lang.Thread.run(Thread.java:748)
[MASTER] 15:27:30.780 [logback-3] ERROR ClientNodeImpl - Error when generating tests for: org.apache.commons.lang3.ObjectUtils with seed 632278328. Configuration id : crossover_120
java.lang.Error: java.lang.IllegalStateException: Trying to set up the sandbox while executing a test case
	at org.evosuite.testcase.execution.TestCaseExecutor.runTest(TestCaseExecutor.java:144)
	at org.evosuite.ga.metaheuristics.mosa.structural.MultiCriteriaManager.calculateFitness(MultiCriteriaManager.java:386)
	at org.evosuite.ga.metaheuristics.mosa.DynaMOSA.calculateFitness(DynaMOSA.java:184)
	at org.evosuite.ga.metaheuristics.mosa.AbstractMOSA.breedNextGeneration(AbstractMOSA.java:178)
	at org.evosuite.ga.metaheuristics.mosa.DynaMOSA.evolve(DynaMOSA.java:66)
	at org.evosuite.ga.metaheuristics.mosa.DynaMOSA.generateSolution(DynaMOSA.java:167)
	at org.evosuite.ga.metaheuristics.TestSuiteAdapter.generateSolution(TestSuiteAdapter.java:114)
	at org.evosuite.strategy.MOSuiteStrategy.generateTests(MOSuiteStrategy.java:123)
	at org.evosuite.TestSuiteGenerator.generateTests(TestSuiteGenerator.java:630)
	at org.evosuite.TestSuiteGenerator.generateTestSuite(TestSuiteGenerator.java:205)
	at org.evosuite.rmi.service.ClientNodeImpl.lambda$startNewSearch$0(ClientNodeImpl.java:150)
	at java.util.concurrent.Executors$RunnableAdapter.call(Executors.java:511)
	at java.util.concurrent.FutureTask.run(FutureTask.java:266)
	at java.util.concurrent.ThreadPoolExecutor.runWorker(ThreadPoolExecutor.java:1149)
	at java.util.concurrent.ThreadPoolExecutor$Worker.run(ThreadPoolExecutor.java:624)
	at java.lang.Thread.run(Thread.java:748)
Caused by: java.lang.IllegalStateException: Trying to set up the sandbox while executing a test case
	at org.evosuite.runtime.sandbox.MSecurityManager.goingToExecuteTestCase(MSecurityManager.java:347)
	at org.evosuite.runtime.sandbox.Sandbox.goingToExecuteSUTCode(Sandbox.java:130)
	at org.evosuite.testcase.execution.TestCaseExecutor.execute(TestCaseExecutor.java:329)
	at org.evosuite.testcase.execution.TestCaseExecutor.execute(TestCaseExecutor.java:275)
	at org.evosuite.testcase.execution.TestCaseExecutor.execute(TestCaseExecutor.java:262)
	at org.evosuite.testcase.execution.TestCaseExecutor.runTest(TestCaseExecutor.java:138)
	... 15 common frames omitted
* Computation finished
[MASTER] 15:27:30.904 [main] ERROR SearchStatistics - No obtained value for output variable: Total_Goals
[MASTER] 15:27:32.908 [main] ERROR SearchStatistics - No obtained value for output variable: Total_Goals
[MASTER] 15:27:33.908 [main] ERROR SearchStatistics - No obtained value for output variable: Total_Goals
[MASTER] 15:27:34.909 [main] ERROR SearchStatistics - No obtained value for output variable: Total_Goals
[MASTER] 15:27:35.910 [main] ERROR SearchStatistics - No obtained value for output variable: Total_Goals
[MASTER] 15:27:36.910 [main] ERROR SearchStatistics - No obtained value for output variable: Total_Goals
[MASTER] 15:27:36.911 [main] ERROR SearchStatistics - Not going to write down statistics data, as some are missing
[MASTER] 15:27:37.012 [main] ERROR TestGeneration - failed to write statistics data
