* EvoSuite 1.1.0
* Configuration: default_120
* Going to generate test cases for class: org.apache.commons.lang3.ObjectUtils
* Starting Client-0
* Connecting to master process on port 2254
* Analyzing classpath: 
  - projects/Lang/commons-lang3-3.12.0.jar
* Finished analyzing classpath
* Generating tests for class org.apache.commons.lang3.ObjectUtils
* Test criteria:
  - Line Coverage
  - Branch Coverage
  - Exception
  - Mutation testing (weak)
  - Method-Output Coverage
  - Top-Level Method Coverage
  - No-Exception Top-Level Method Coverage
  - Context Branch Coverage
[MASTER] 15:26:10.932 [logback-2] ERROR AbstractMOSA - I am OFF
* Total number of test goals for DYNAMOSA: 1126
* Using seed 303903153
* Starting evolution
* Initial Number of Goals in DynaMOSA = 455 / 1126
[MASTER] 15:26:11.574 [logback-2] ERROR TestCluster - Failed to check cache for java.util.LinkedList<E> : Type points to itself
[MASTER] 15:26:11.575 [logback-2] ERROR TestCluster - Failed to check cache for java.util.AbstractMap<K, V>.SimpleEntry<K, V> : Type points to itself
[MASTER] 15:26:11.575 [logback-2] ERROR TestCluster - Failed to check cache for java.util.AbstractMap<K, V>.SimpleImmutableEntry<K, V> : Type points to itself
[MASTER] 15:26:11.605 [logback-2] ERROR TestCluster - Failed to check cache for java.util.ArrayDeque<E> : Type points to itself
[MASTER] 15:26:11.622 [logback-2] ERROR TestCluster - Failed to check cache for java.util.ArrayList<E> : Type points to itself
[MASTER] 15:26:11.623 [logback-2] ERROR TestCluster - Failed to check cache for java.util.EnumMap<K, V> : Type points to itself
[MASTER] 15:26:11.623 [logback-2] ERROR TestCluster - Failed to check cache for java.util.EnumSet<E> : Type points to itself
[MASTER] 15:26:11.624 [logback-2] ERROR TestCluster - Failed to check cache for java.util.HashMap<K, V> : Type points to itself
[MASTER] 15:26:11.625 [logback-2] ERROR TestCluster - Failed to check cache for java.util.HashSet<E> : Type points to itself
[MASTER] 15:26:11.626 [logback-2] ERROR TestCluster - Failed to check cache for java.util.Hashtable<K, V> : Type points to itself
[MASTER] 15:26:11.627 [logback-2] ERROR TestCluster - Failed to check cache for java.util.IdentityHashMap<K, V> : Type points to itself
[MASTER] 15:26:11.641 [logback-2] ERROR TestCluster - Failed to check cache for java.util.LinkedHashMap<K, V> : Type points to itself
[MASTER] 15:26:11.641 [logback-2] ERROR TestCluster - Failed to check cache for java.util.LinkedHashSet<E> : Type points to itself
[MASTER] 15:26:11.642 [logback-2] ERROR TestCluster - Failed to check cache for java.util.Stack<E> : Type points to itself
[MASTER] 15:26:11.643 [logback-2] ERROR TestCluster - Failed to check cache for java.util.TreeMap<K, V> : Type points to itself
[MASTER] 15:26:11.643 [logback-2] ERROR TestCluster - Failed to check cache for java.util.TreeSet<E> : Type points to itself
[MASTER] 15:26:11.644 [logback-2] ERROR TestCluster - Failed to check cache for java.util.Vector<E> : Type points to itself
[MASTER] 15:26:11.645 [logback-2] ERROR TestCluster - Failed to check cache for java.lang.Comparable<T> : Type points to itself
[MASTER] 15:26:22.746 [logback-2] ERROR TestCluster - Failed to check cache for java.util.function.Function<T, R> : Type points to itself
[MASTER] 15:27:36.149 [logback-2] ERROR TestCluster - Failed to check cache for java.time.temporal.TemporalQuery<R> : Type points to itself
* Computation finished
[MASTER] 15:27:44.065 [logback-2] ERROR TestCaseExecutor - TG: Exception caught: 
java.lang.IllegalStateException: Trying to disable sandbox when not test case was run
	at org.evosuite.runtime.sandbox.MSecurityManager.goingToEndTestCase(MSecurityManager.java:359)
	at org.evosuite.runtime.sandbox.Sandbox.doneWithExecutingSUTCode(Sandbox.java:141)
	at org.evosuite.testcase.execution.TestCaseExecutor.execute(TestCaseExecutor.java:334)
	at org.evosuite.testcase.execution.TestCaseExecutor.execute(TestCaseExecutor.java:275)
	at org.evosuite.testcase.execution.TestCaseExecutor.execute(TestCaseExecutor.java:262)
	at org.evosuite.testcase.execution.TestCaseExecutor.runTest(TestCaseExecutor.java:138)
	at org.evosuite.ga.metaheuristics.mosa.structural.MultiCriteriaManager.calculateFitness(MultiCriteriaManager.java:386)
	at org.evosuite.ga.metaheuristics.mosa.DynaMOSA.calculateFitness(DynaMOSA.java:184)
	at org.evosuite.ga.metaheuristics.mosa.AbstractMOSA.breedNextGeneration(AbstractMOSA.java:178)
	at org.evosuite.ga.metaheuristics.mosa.DynaMOSA.evolve(DynaMOSA.java:66)
	at org.evosuite.ga.metaheuristics.mosa.DynaMOSA.generateSolution(DynaMOSA.java:167)
	at org.evosuite.ga.metaheuristics.TestSuiteAdapter.generateSolution(TestSuiteAdapter.java:114)
	at org.evosuite.strategy.MOSuiteStrategy.generateTests(MOSuiteStrategy.java:123)
	at org.evosuite.TestSuiteGenerator.generateTests(TestSuiteGenerator.java:630)
	at org.evosuite.TestSuiteGenerator.generateTestSuite(TestSuiteGenerator.java:205)
	at org.evosuite.rmi.service.ClientNodeImpl.lambda$startNewSearch$0(ClientNodeImpl.java:150)
	at java.util.concurrent.Executors$RunnableAdapter.call(Executors.java:511)
	at java.util.concurrent.FutureTask.run(FutureTask.java:266)
	at java.util.concurrent.ThreadPoolExecutor.runWorker(ThreadPoolExecutor.java:1149)
	at java.util.concurrent.ThreadPoolExecutor$Worker.run(ThreadPoolExecutor.java:624)
	at java.lang.Thread.run(Thread.java:748)
[MASTER] 15:27:44.066 [logback-2] ERROR ClientNodeImpl - Error when generating tests for: org.apache.commons.lang3.ObjectUtils with seed 303903153. Configuration id : default_120
java.lang.Error: java.lang.IllegalStateException: Trying to disable sandbox when not test case was run
	at org.evosuite.testcase.execution.TestCaseExecutor.runTest(TestCaseExecutor.java:144)
	at org.evosuite.ga.metaheuristics.mosa.structural.MultiCriteriaManager.calculateFitness(MultiCriteriaManager.java:386)
	at org.evosuite.ga.metaheuristics.mosa.DynaMOSA.calculateFitness(DynaMOSA.java:184)
	at org.evosuite.ga.metaheuristics.mosa.AbstractMOSA.breedNextGeneration(AbstractMOSA.java:178)
	at org.evosuite.ga.metaheuristics.mosa.DynaMOSA.evolve(DynaMOSA.java:66)
	at org.evosuite.ga.metaheuristics.mosa.DynaMOSA.generateSolution(DynaMOSA.java:167)
	at org.evosuite.ga.metaheuristics.TestSuiteAdapter.generateSolution(TestSuiteAdapter.java:114)
	at org.evosuite.strategy.MOSuiteStrategy.generateTests(MOSuiteStrategy.java:123)
	at org.evosuite.TestSuiteGenerator.generateTests(TestSuiteGenerator.java:630)
	at org.evosuite.TestSuiteGenerator.generateTestSuite(TestSuiteGenerator.java:205)
	at org.evosuite.rmi.service.ClientNodeImpl.lambda$startNewSearch$0(ClientNodeImpl.java:150)
	at java.util.concurrent.Executors$RunnableAdapter.call(Executors.java:511)
	at java.util.concurrent.FutureTask.run(FutureTask.java:266)
	at java.util.concurrent.ThreadPoolExecutor.runWorker(ThreadPoolExecutor.java:1149)
	at java.util.concurrent.ThreadPoolExecutor$Worker.run(ThreadPoolExecutor.java:624)
	at java.lang.Thread.run(Thread.java:748)
Caused by: java.lang.IllegalStateException: Trying to disable sandbox when not test case was run
	at org.evosuite.runtime.sandbox.MSecurityManager.goingToEndTestCase(MSecurityManager.java:359)
	at org.evosuite.runtime.sandbox.Sandbox.doneWithExecutingSUTCode(Sandbox.java:141)
	at org.evosuite.testcase.execution.TestCaseExecutor.execute(TestCaseExecutor.java:334)
	at org.evosuite.testcase.execution.TestCaseExecutor.execute(TestCaseExecutor.java:275)
	at org.evosuite.testcase.execution.TestCaseExecutor.execute(TestCaseExecutor.java:262)
	at org.evosuite.testcase.execution.TestCaseExecutor.runTest(TestCaseExecutor.java:138)
	... 15 common frames omitted
[MASTER] 15:27:44.182 [main] ERROR SearchStatistics - No obtained value for output variable: Total_Goals
[MASTER] 15:27:46.193 [main] ERROR SearchStatistics - No obtained value for output variable: Total_Goals
[MASTER] 15:27:47.194 [main] ERROR SearchStatistics - No obtained value for output variable: Total_Goals
[MASTER] 15:27:48.194 [main] ERROR SearchStatistics - No obtained value for output variable: Total_Goals
[MASTER] 15:27:49.195 [main] ERROR SearchStatistics - No obtained value for output variable: Total_Goals
[MASTER] 15:27:50.196 [main] ERROR SearchStatistics - No obtained value for output variable: Total_Goals
[MASTER] 15:27:50.196 [main] ERROR SearchStatistics - Not going to write down statistics data, as some are missing
[MASTER] 15:27:50.297 [main] ERROR TestGeneration - failed to write statistics data
