* EvoSuite 1.1.0
* Configuration: crossover_120
* Going to generate test cases for class: org.apache.commons.math3.geometry.VectorFormat
* Starting Client-0
* Connecting to master process on port 12310
* Analyzing classpath: 
  - projects/Math/commons-math3-3.6.1-tools.jar
  - projects/Math/commons-math3-3.6.1.jar
* Finished analyzing classpath
* Generating tests for class org.apache.commons.math3.geometry.VectorFormat
* Test criteria:
  - Line Coverage
  - Branch Coverage
  - Exception
  - Mutation testing (weak)
  - Method-Output Coverage
  - Top-Level Method Coverage
  - No-Exception Top-Level Method Coverage
  - Context Branch Coverage
* Total number of test goals for DYNAMOSA: 320
* Using seed 4087183547
* Starting evolution
* Initial Number of Goals in DynaMOSA = 165 / 320
[MASTER] 15:29:39.132 [logback-3] ERROR TestCaseExecutor - TG: Exception caught: 
java.lang.IllegalStateException: Trying to set up the sandbox while executing a test case
	at org.evosuite.runtime.sandbox.MSecurityManager.goingToExecuteTestCase(MSecurityManager.java:347)
	at org.evosuite.runtime.sandbox.Sandbox.goingToExecuteSUTCode(Sandbox.java:130)
	at org.evosuite.testcase.execution.TestCaseExecutor.execute(TestCaseExecutor.java:329)
	at org.evosuite.testcase.execution.TestCaseExecutor.execute(TestCaseExecutor.java:275)
	at org.evosuite.testcase.execution.TestCaseExecutor.execute(TestCaseExecutor.java:262)
	at org.evosuite.testcase.execution.TestCaseExecutor.runTest(TestCaseExecutor.java:138)
	at org.evosuite.testcase.TestFitnessFunction.runTest(TestFitnessFunction.java:92)
	at org.evosuite.testcase.TestFitnessFunction.getFitness(TestFitnessFunction.java:61)
	at org.evosuite.testcase.TestFitnessFunction.getFitness(TestFitnessFunction.java:34)
	at org.evosuite.ga.Chromosome.getFitness(Chromosome.java:126)
	at org.evosuite.ga.comparators.PreferenceSortingComparator.compare(PreferenceSortingComparator.java:66)
	at org.evosuite.ga.operators.ranking.RankBasedPreferenceSorting.getZeroFront(RankBasedPreferenceSorting.java:111)
	at org.evosuite.ga.operators.ranking.RankBasedPreferenceSorting.computeRankingAssignment(RankBasedPreferenceSorting.java:65)
	at org.evosuite.ga.metaheuristics.mosa.DynaMOSA.evolve(DynaMOSA.java:78)
	at org.evosuite.ga.metaheuristics.mosa.DynaMOSA.generateSolution(DynaMOSA.java:167)
	at org.evosuite.ga.metaheuristics.TestSuiteAdapter.generateSolution(TestSuiteAdapter.java:114)
	at org.evosuite.strategy.MOSuiteStrategy.generateTests(MOSuiteStrategy.java:123)
	at org.evosuite.TestSuiteGenerator.generateTests(TestSuiteGenerator.java:630)
	at org.evosuite.TestSuiteGenerator.generateTestSuite(TestSuiteGenerator.java:205)
	at org.evosuite.rmi.service.ClientNodeImpl.lambda$startNewSearch$0(ClientNodeImpl.java:150)
	at java.util.concurrent.Executors$RunnableAdapter.call(Executors.java:511)
	at java.util.concurrent.FutureTask.run(FutureTask.java:266)
	at java.util.concurrent.ThreadPoolExecutor.runWorker(ThreadPoolExecutor.java:1149)
	at java.util.concurrent.ThreadPoolExecutor$Worker.run(ThreadPoolExecutor.java:624)
	at java.lang.Thread.run(Thread.java:748)
[MASTER] 15:29:39.132 [logback-3] ERROR ClientNodeImpl - Error when generating tests for: org.apache.commons.math3.geometry.VectorFormat with seed 4087183547. Configuration id : crossover_120
java.lang.Error: java.lang.IllegalStateException: Trying to set up the sandbox while executing a test case
	at org.evosuite.testcase.execution.TestCaseExecutor.runTest(TestCaseExecutor.java:144)
	at org.evosuite.testcase.TestFitnessFunction.runTest(TestFitnessFunction.java:92)
	at org.evosuite.testcase.TestFitnessFunction.getFitness(TestFitnessFunction.java:61)
	at org.evosuite.testcase.TestFitnessFunction.getFitness(TestFitnessFunction.java:34)
	at org.evosuite.ga.Chromosome.getFitness(Chromosome.java:126)
	at org.evosuite.ga.comparators.PreferenceSortingComparator.compare(PreferenceSortingComparator.java:66)
	at org.evosuite.ga.operators.ranking.RankBasedPreferenceSorting.getZeroFront(RankBasedPreferenceSorting.java:111)
	at org.evosuite.ga.operators.ranking.RankBasedPreferenceSorting.computeRankingAssignment(RankBasedPreferenceSorting.java:65)
	at org.evosuite.ga.metaheuristics.mosa.DynaMOSA.evolve(DynaMOSA.java:78)
	at org.evosuite.ga.metaheuristics.mosa.DynaMOSA.generateSolution(DynaMOSA.java:167)
	at org.evosuite.ga.metaheuristics.TestSuiteAdapter.generateSolution(TestSuiteAdapter.java:114)
	at org.evosuite.strategy.MOSuiteStrategy.generateTests(MOSuiteStrategy.java:123)
	at org.evosuite.TestSuiteGenerator.generateTests(TestSuiteGenerator.java:630)
	at org.evosuite.TestSuiteGenerator.generateTestSuite(TestSuiteGenerator.java:205)
	at org.evosuite.rmi.service.ClientNodeImpl.lambda$startNewSearch$0(ClientNodeImpl.java:150)
	at java.util.concurrent.Executors$RunnableAdapter.call(Executors.java:511)
	at java.util.concurrent.FutureTask.run(FutureTask.java:266)
	at java.util.concurrent.ThreadPoolExecutor.runWorker(ThreadPoolExecutor.java:1149)
	at java.util.concurrent.ThreadPoolExecutor$Worker.run(ThreadPoolExecutor.java:624)
	at java.lang.Thread.run(Thread.java:748)
Caused by: java.lang.IllegalStateException: Trying to set up the sandbox while executing a test case
	at org.evosuite.runtime.sandbox.MSecurityManager.goingToExecuteTestCase(MSecurityManager.java:347)
	at org.evosuite.runtime.sandbox.Sandbox.goingToExecuteSUTCode(Sandbox.java:130)
	at org.evosuite.testcase.execution.TestCaseExecutor.execute(TestCaseExecutor.java:329)
	at org.evosuite.testcase.execution.TestCaseExecutor.execute(TestCaseExecutor.java:275)
	at org.evosuite.testcase.execution.TestCaseExecutor.execute(TestCaseExecutor.java:262)
	at org.evosuite.testcase.execution.TestCaseExecutor.runTest(TestCaseExecutor.java:138)
	... 19 common frames omitted
* Computation finished
[MASTER] 15:29:39.300 [main] ERROR SearchStatistics - No obtained value for output variable: Total_Goals
[MASTER] 15:29:41.303 [main] ERROR SearchStatistics - No obtained value for output variable: Total_Goals
[MASTER] 15:29:42.309 [main] ERROR SearchStatistics - No obtained value for output variable: Total_Goals
[MASTER] 15:29:43.310 [main] ERROR SearchStatistics - No obtained value for output variable: Total_Goals
[MASTER] 15:29:44.310 [main] ERROR SearchStatistics - No obtained value for output variable: Total_Goals
[MASTER] 15:29:45.311 [main] ERROR SearchStatistics - No obtained value for output variable: Total_Goals
[MASTER] 15:29:45.311 [main] ERROR SearchStatistics - Not going to write down statistics data, as some are missing
[MASTER] 15:29:45.412 [main] ERROR TestGeneration - failed to write statistics data
